# JRE version: 7.0_05-b05
# Java VM: Java HotSpot(TM) Client VM (23.1-b03 mixed mode, sharing windows-x86 )
Heap
 def new generation   total 12096K, used 10368K [0x23850000, 0x24570000, 0x28da0000)
  eden space 10752K,  96% used [0x23850000, 0x242703f0, 0x242d0000)
  from space 1344K,   0% used [0x24420000, 0x24420000, 0x24570000)
  to   space 1344K,   0% used [0x242d0000, 0x242d0000, 0x24420000)
 tenured generation   total 45340K, used 45213K [0x28da0000, 0x2b9e7000, 0x33850000)
   the space 45340K,  99% used [0x28da0000, 0x2b9c7590, 0x2b9c7600, 0x2b9e7000)
 compacting perm gen  total 12288K, used 2910K [0x33850000, 0x34450000, 0x37850000)
   the space 12288K,  23% used [0x33850000, 0x33b27bc0, 0x33b27c00, 0x34450000)
    ro space 10240K,  42% used [0x37850000, 0x37c8e580, 0x37c8e600, 0x38250000)
    rw space 12288K,  54% used [0x38250000, 0x388cf128, 0x388cf200, 0x38e50000)
GC Heap History (10 events):
Event: 8.095 GC heap before
{Heap before GC invocations=17 (full 3):
 def new generation   total 12096K, used 11566K [0x23850000, 0x24570000, 0x28da0000)
  eden space 10752K, 100% used [0x23850000, 0x242d0000, 0x242d0000)
  from space 1344K,  60% used [0x242d0000, 0x2439bbc0, 0x24420000)
  to   space 1344K,   0% used [0x24420000, 0x24420000, 0x24570000)
 tenured generation   total 44424K, used 40938K [0x28da0000, 0x2b902000, 0x33850000)
   the space 44424K,  92% used [0x28da0000, 0x2b59ab30, 0x2b59ac00, 0x2b902000)
 compacting perm gen  total 12288K, used 2532K [0x33850000, 0x34450000, 0x37850000)
   the space 12288K,  20% used [0x33850000, 0x33ac9328, 0x33ac9400, 0x34450000)
    ro space 10240K,  42% used [0x37850000, 0x37c8e580, 0x37c8e600, 0x38250000)
    rw space 12288K,  54% used [0x38250000, 0x388cf128, 0x388cf200, 0x38e50000)
Event: 8.106 GC heap after
Heap after GC invocations=18 (full 3):
 def new generation   total 12096K, used 841K [0x23850000, 0x24570000, 0x28da0000)
  eden space 10752K,   0% used [0x23850000, 0x23850000, 0x242d0000)
  from space 1344K,  62% used [0x24420000, 0x244f2430, 0x24570000)
  to   space 1344K,   0% used [0x242d0000, 0x242d0000, 0x24420000)
 tenured generation   total 44424K, used 41723K [0x28da0000, 0x2b902000, 0x33850000)
   the space 44424K,  93% used [0x28da0000, 0x2b65ec08, 0x2b65ee00, 0x2b902000)
 compacting perm gen  total 12288K, used 2532K [0x33850000, 0x34450000, 0x37850000)
   the space 12288K,  20% used [0x33850000, 0x33ac9328, 0x33ac9400, 0x34450000)
    ro space 10240K,  42% used [0x37850000, 0x37c8e580, 0x37c8e600, 0x38250000)
    rw space 12288K,  54% used [0x38250000, 0x388cf128, 0x388cf200, 0x38e50000)
}
Event: 8.566 GC heap before
{Heap before GC invocations=18 (full 3):
 def new generation   total 12096K, used 11593K [0x23850000, 0x24570000, 0x28da0000)
  eden space 10752K, 100% used [0x23850000, 0x242d0000, 0x242d0000)
  from space 1344K,  62% used [0x24420000, 0x244f2430, 0x24570000)
  to   space 1344K,   0% used [0x242d0000, 0x242d0000, 0x24420000)
 tenured generation   total 44424K, used 41723K [0x28da0000, 0x2b902000, 0x33850000)
   the space 44424K,  93% used [0x28da0000, 0x2b65ec08, 0x2b65ee00, 0x2b902000)
 compacting perm gen  total 12288K, used 2532K [0x33850000, 0x34450000, 0x37850000)
   the space 12288K,  20% used [0x33850000, 0x33ac9348, 0x33ac9400, 0x34450000)
    ro space 10240K,  42% used [0x37850000, 0x37c8e580, 0x37c8e600, 0x38250000)
    rw space 12288K,  54% used [0x38250000, 0x388cf128, 0x388cf200, 0x38e50000)
Event: 8.571 GC heap after
Heap after GC invocations=19 (full 3):
 def new generation   total 12096K, used 852K [0x23850000, 0x24570000, 0x28da0000)
  eden space 10752K,   0% used [0x23850000, 0x23850000, 0x242d0000)
  from space 1344K,  63% used [0x242d0000, 0x243a50b0, 0x24420000)
  to   space 1344K,   0% used [0x24420000, 0x24420000, 0x24570000)
 tenured generation   total 44424K, used 42517K [0x28da0000, 0x2b902000, 0x33850000)
   the space 44424K,  95% used [0x28da0000, 0x2b725778, 0x2b725800, 0x2b902000)
 compacting perm gen  total 12288K, used 2532K [0x33850000, 0x34450000, 0x37850000)
   the space 12288K,  20% used [0x33850000, 0x33ac9348, 0x33ac9400, 0x34450000)
    ro space 10240K,  42% used [0x37850000, 0x37c8e580, 0x37c8e600, 0x38250000)
    rw space 12288K,  54% used [0x38250000, 0x388cf128, 0x388cf200, 0x38e50000)
}
Event: 10.036 GC heap before
{Heap before GC invocations=19 (full 3):
 def new generation   total 12096K, used 11604K [0x23850000, 0x24570000, 0x28da0000)
  eden space 10752K, 100% used [0x23850000, 0x242d0000, 0x242d0000)
  from space 1344K,  63% used [0x242d0000, 0x243a50b0, 0x24420000)
  to   space 1344K,   0% used [0x24420000, 0x24420000, 0x24570000)
 tenured generation   total 44424K, used 42517K [0x28da0000, 0x2b902000, 0x33850000)
   the space 44424K,  95% used [0x28da0000, 0x2b725778, 0x2b725800, 0x2b902000)
 compacting perm gen  total 12288K, used 2584K [0x33850000, 0x34450000, 0x37850000)
   the space 12288K,  21% used [0x33850000, 0x33ad6018, 0x33ad6200, 0x34450000)
    ro space 10240K,  42% used [0x37850000, 0x37c8e580, 0x37c8e600, 0x38250000)
    rw space 12288K,  54% used [0x38250000, 0x388cf128, 0x388cf200, 0x38e50000)
Event: 10.139 GC heap after
Heap after GC invocations=20 (full 4):
 def new generation   total 12096K, used 1298K [0x23850000, 0x24570000, 0x28da0000)
  eden space 10752K,  12% used [0x23850000, 0x23994a78, 0x242d0000)
  from space 1344K,   0% used [0x24420000, 0x24420000, 0x24570000)
  to   space 1344K,   0% used [0x242d0000, 0x242d0000, 0x24420000)
 tenured generation   total 45164K, used 44652K [0x28da0000, 0x2b9bb000, 0x33850000)
   the space 45164K,  98% used [0x28da0000, 0x2b93b370, 0x2b93b400, 0x2b9bb000)
 compacting perm gen  total 12288K, used 2582K [0x33850000, 0x34450000, 0x37850000)
   the space 12288K,  21% used [0x33850000, 0x33ad5a60, 0x33ad5c00, 0x34450000)
    ro space 10240K,  42% used [0x37850000, 0x37c8e580, 0x37c8e600, 0x38250000)
    rw space 12288K,  54% used [0x38250000, 0x388cf128, 0x388cf200, 0x38e50000)
}
Event: 10.722 GC heap before
{Heap before GC invocations=20 (full 4):
 def new generation   total 12096K, used 7916K [0x23850000, 0x24570000, 0x28da0000)
  eden space 10752K,  73% used [0x23850000, 0x2400b030, 0x242d0000)
  from space 1344K,   0% used [0x24420000, 0x24420000, 0x24570000)
  to   space 1344K,   0% used [0x242d0000, 0x242d0000, 0x24420000)
 tenured generation   total 45164K, used 44652K [0x28da0000, 0x2b9bb000, 0x33850000)
   the space 45164K,  98% used [0x28da0000, 0x2b93b370, 0x2b93b400, 0x2b9bb000)
 compacting perm gen  total 12288K, used 2839K [0x33850000, 0x34450000, 0x37850000)
   the space 12288K,  23% used [0x33850000, 0x33b15c60, 0x33b15e00, 0x34450000)
    ro space 10240K,  42% used [0x37850000, 0x37c8e580, 0x37c8e600, 0x38250000)
    rw space 12288K,  54% used [0x38250000, 0x388cf128, 0x388cf200, 0x38e50000)
Event: 10.773 GC heap after
Heap after GC invocations=21 (full 5):
 def new generation   total 12096K, used 5423K [0x23850000, 0x24570000, 0x28da0000)
  eden space 10752K,  50% used [0x23850000, 0x23d9bec8, 0x242d0000)
  from space 1344K,   0% used [0x242d0000, 0x242d0000, 0x24420000)
  to   space 1344K,   0% used [0x24420000, 0x24420000, 0x24570000)
 tenured generation   total 45164K, used 44772K [0x28da0000, 0x2b9bb000, 0x33850000)
   the space 45164K,  99% used [0x28da0000, 0x2b9591a8, 0x2b959200, 0x2b9bb000)
 compacting perm gen  total 12288K, used 2839K [0x33850000, 0x34450000, 0x37850000)
   the space 12288K,  23% used [0x33850000, 0x33b15c60, 0x33b15e00, 0x34450000)
    ro space 10240K,  42% used [0x37850000, 0x37c8e580, 0x37c8e600, 0x38250000)
    rw space 12288K,  54% used [0x38250000, 0x388cf128, 0x388cf200, 0x38e50000)
}
Event: 11.202 GC heap before
{Heap before GC invocations=21 (full 5):
 def new generation   total 12096K, used 10752K [0x23850000, 0x24570000, 0x28da0000)
  eden space 10752K, 100% used [0x23850000, 0x242d0000, 0x242d0000)
  from space 1344K,   0% used [0x242d0000, 0x242d0000, 0x24420000)
  to   space 1344K,   0% used [0x24420000, 0x24420000, 0x24570000)
 tenured generation   total 45164K, used 44772K [0x28da0000, 0x2b9bb000, 0x33850000)
   the space 45164K,  99% used [0x28da0000, 0x2b9591a8, 0x2b959200, 0x2b9bb000)
 compacting perm gen  total 12288K, used 2910K [0x33850000, 0x34450000, 0x37850000)
   the space 12288K,  23% used [0x33850000, 0x33b27bc0, 0x33b27c00, 0x34450000)
    ro space 10240K,  42% used [0x37850000, 0x37c8e580, 0x37c8e600, 0x38250000)
    rw space 12288K,  54% used [0x38250000, 0x388cf128, 0x388cf200, 0x38e50000)
Event: 11.253 GC heap after
Heap after GC invocations=22 (full 6):
 def new generation   total 12096K, used 9503K [0x23850000, 0x24570000, 0x28da0000)
  eden space 10752K,  88% used [0x23850000, 0x24197fa8, 0x242d0000)
  from space 1344K,   0% used [0x24420000, 0x24420000, 0x24570000)
  to   space 1344K,   0% used [0x242d0000, 0x242d0000, 0x24420000)
 tenured generation   total 45340K, used 45213K [0x28da0000, 0x2b9e7000, 0x33850000)
   the space 45340K,  99% used [0x28da0000, 0x2b9c7590, 0x2b9c7600, 0x2b9e7000)
 compacting perm gen  total 12288K, used 2910K [0x33850000, 0x34450000, 0x37850000)
   the space 12288K,  23% used [0x33850000, 0x33b27bc0, 0x33b27c00, 0x34450000)
    ro space 10240K,  42% used [0x37850000, 0x37c8e580, 0x37c8e600, 0x38250000)
    rw space 12288K,  54% used [0x38250000, 0x388cf128, 0x388cf200, 0x38e50000)
}

